<?xml version="1.0" encoding="UTF-8"?>
<coverage generated="1539292451952" clover="3.2.0">
  <project timestamp="1539292451952" name="All files">
    <metrics statements="37" coveredstatements="34" conditionals="12" coveredconditionals="6" methods="11" coveredmethods="11" elements="60" coveredelements="51" complexity="0" loc="37" ncloc="37" packages="1" files="2" classes="2">
      <file name="reader-callback-extended.js" path="/Users/kevin/codefellows/401/labs/lab-03/lib/reader-callback-extended.js">
        <metrics statements="13" coveredstatements="13" conditionals="4" coveredconditionals="2" methods="5" coveredmethods="5"/>
        <line num="7" count="1" type="stmt"/>
        <line num="9" count="1" type="stmt"/>
        <line num="16" count="1" type="stmt"/>
        <line num="17" count="5" type="stmt"/>
        <line num="18" count="5" type="cond" truecount="1" falsecount="1"/>
        <line num="20" count="5" type="stmt"/>
        <line num="32" count="1" type="stmt"/>
        <line num="33" count="1" type="stmt"/>
        <line num="35" count="5" type="stmt"/>
        <line num="36" count="5" type="cond" truecount="1" falsecount="1"/>
        <line num="38" count="5" type="stmt"/>
        <line num="39" count="5" type="stmt"/>
        <line num="44" count="1" type="stmt"/>
      </file>
      <file name="reader.js" path="/Users/kevin/codefellows/401/labs/lab-03/lib/reader.js">
        <metrics statements="24" coveredstatements="21" conditionals="8" coveredconditionals="4" methods="6" coveredmethods="6"/>
        <line num="7" count="1" type="stmt"/>
        <line num="9" count="1" type="stmt"/>
        <line num="16" count="1" type="stmt"/>
        <line num="17" count="3" type="stmt"/>
        <line num="18" count="3" type="cond" truecount="1" falsecount="1"/>
        <line num="20" count="3" type="stmt"/>
        <line num="30" count="1" type="stmt"/>
        <line num="31" count="1" type="stmt"/>
        <line num="34" count="1" type="stmt"/>
        <line num="35" count="1" type="cond" truecount="1" falsecount="1"/>
        <line num="36" count="0" type="stmt"/>
        <line num="39" count="1" type="stmt"/>
        <line num="40" count="1" type="stmt"/>
        <line num="43" count="1" type="stmt"/>
        <line num="44" count="1" type="cond" truecount="1" falsecount="1"/>
        <line num="45" count="0" type="stmt"/>
        <line num="48" count="1" type="stmt"/>
        <line num="49" count="1" type="stmt"/>
        <line num="52" count="1" type="stmt"/>
        <line num="53" count="1" type="cond" truecount="1" falsecount="1"/>
        <line num="54" count="0" type="stmt"/>
        <line num="57" count="1" type="stmt"/>
        <line num="58" count="1" type="stmt"/>
        <line num="60" count="1" type="stmt"/>
      </file>
    </metrics>
  </project>
</coverage>
