{"/Users/kevin/codefellows/401/labs/lab-03/lib/reader-callback-extended.js": {"path":"/Users/kevin/codefellows/401/labs/lab-03/lib/reader-callback-extended.js","statementMap":{"0":{"start":{"line":7,"column":13},"end":{"line":7,"column":32}},"1":{"start":{"line":9,"column":11},"end":{"line":9,"column":24}},"2":{"start":{"line":16,"column":16},"end":{"line":23,"column":1}},"3":{"start":{"line":17,"column":2},"end":{"line":22,"column":5}},"4":{"start":{"line":18,"column":4},"end":{"line":21,"column":5}},"5":{"start":{"line":18,"column":14},"end":{"line":18,"column":28}},"6":{"start":{"line":20,"column":6},"end":{"line":20,"column":32}},"7":{"start":{"line":32,"column":0},"end":{"line":46,"column":2}},"8":{"start":{"line":33,"column":17},"end":{"line":33,"column":19}},"9":{"start":{"line":35,"column":2},"end":{"line":41,"column":6}},"10":{"start":{"line":35,"column":29},"end":{"line":41,"column":4}},"11":{"start":{"line":36,"column":4},"end":{"line":40,"column":5}},"12":{"start":{"line":36,"column":14},"end":{"line":36,"column":28}},"13":{"start":{"line":38,"column":6},"end":{"line":38,"column":44}},"14":{"start":{"line":39,"column":6},"end":{"line":39,"column":43}},"15":{"start":{"line":44,"column":2},"end":{"line":44,"column":33}}},"fnMap":{"0":{"name":"(anonymous_0)","decl":{"start":{"line":16,"column":16},"end":{"line":16,"column":17}},"loc":{"start":{"line":16,"column":36},"end":{"line":23,"column":1}},"line":16},"1":{"name":"(anonymous_1)","decl":{"start":{"line":17,"column":21},"end":{"line":17,"column":22}},"loc":{"start":{"line":17,"column":36},"end":{"line":22,"column":3}},"line":17},"2":{"name":"(anonymous_2)","decl":{"start":{"line":32,"column":17},"end":{"line":32,"column":18}},"loc":{"start":{"line":32,"column":38},"end":{"line":46,"column":1}},"line":32},"3":{"name":"(anonymous_3)","decl":{"start":{"line":35,"column":12},"end":{"line":35,"column":13}},"loc":{"start":{"line":35,"column":29},"end":{"line":41,"column":4}},"line":35},"4":{"name":"(anonymous_4)","decl":{"start":{"line":35,"column":43},"end":{"line":35,"column":44}},"loc":{"start":{"line":35,"column":58},"end":{"line":41,"column":3}},"line":35}},"branchMap":{"0":{"loc":{"start":{"line":18,"column":4},"end":{"line":21,"column":5}},"type":"if","locations":[{"start":{"line":18,"column":4},"end":{"line":21,"column":5}},{"start":{"line":18,"column":4},"end":{"line":21,"column":5}}],"line":18},"1":{"loc":{"start":{"line":36,"column":4},"end":{"line":40,"column":5}},"type":"if","locations":[{"start":{"line":36,"column":4},"end":{"line":40,"column":5}},{"start":{"line":36,"column":4},"end":{"line":40,"column":5}}],"line":36}},"s":{"0":1,"1":1,"2":1,"3":5,"4":5,"5":0,"6":5,"7":1,"8":1,"9":1,"10":5,"11":5,"12":0,"13":5,"14":5,"15":1},"f":{"0":5,"1":5,"2":1,"3":5,"4":5},"b":{"0":[0,5],"1":[0,5]},"_coverageSchema":"332fd63041d2c1bcb487cc26dd0d5f7d97098a6c","hash":"25da017d8dbab13c7eb8aaec15c1f5d018f350d6"}
,"/Users/kevin/codefellows/401/labs/lab-03/lib/reader.js": {"path":"/Users/kevin/codefellows/401/labs/lab-03/lib/reader.js","statementMap":{"0":{"start":{"line":7,"column":13},"end":{"line":7,"column":32}},"1":{"start":{"line":9,"column":11},"end":{"line":9,"column":24}},"2":{"start":{"line":16,"column":16},"end":{"line":23,"column":1}},"3":{"start":{"line":17,"column":2},"end":{"line":22,"column":5}},"4":{"start":{"line":18,"column":4},"end":{"line":21,"column":5}},"5":{"start":{"line":18,"column":14},"end":{"line":18,"column":28}},"6":{"start":{"line":20,"column":6},"end":{"line":20,"column":32}},"7":{"start":{"line":30,"column":0},"end":{"line":64,"column":2}},"8":{"start":{"line":31,"column":17},"end":{"line":31,"column":19}},"9":{"start":{"line":34,"column":2},"end":{"line":63,"column":5}},"10":{"start":{"line":35,"column":4},"end":{"line":41,"column":5}},"11":{"start":{"line":36,"column":6},"end":{"line":36,"column":20}},"12":{"start":{"line":39,"column":6},"end":{"line":39,"column":45}},"13":{"start":{"line":40,"column":6},"end":{"line":40,"column":44}},"14":{"start":{"line":43,"column":4},"end":{"line":62,"column":7}},"15":{"start":{"line":44,"column":6},"end":{"line":50,"column":7}},"16":{"start":{"line":45,"column":8},"end":{"line":45,"column":22}},"17":{"start":{"line":48,"column":8},"end":{"line":48,"column":47}},"18":{"start":{"line":49,"column":8},"end":{"line":49,"column":46}},"19":{"start":{"line":52,"column":6},"end":{"line":61,"column":9}},"20":{"start":{"line":53,"column":8},"end":{"line":59,"column":9}},"21":{"start":{"line":54,"column":10},"end":{"line":54,"column":24}},"22":{"start":{"line":57,"column":10},"end":{"line":57,"column":49}},"23":{"start":{"line":58,"column":10},"end":{"line":58,"column":48}},"24":{"start":{"line":60,"column":8},"end":{"line":60,"column":38}}},"fnMap":{"0":{"name":"(anonymous_0)","decl":{"start":{"line":16,"column":16},"end":{"line":16,"column":17}},"loc":{"start":{"line":16,"column":36},"end":{"line":23,"column":1}},"line":16},"1":{"name":"(anonymous_1)","decl":{"start":{"line":17,"column":21},"end":{"line":17,"column":22}},"loc":{"start":{"line":17,"column":36},"end":{"line":22,"column":3}},"line":17},"2":{"name":"(anonymous_2)","decl":{"start":{"line":30,"column":17},"end":{"line":30,"column":18}},"loc":{"start":{"line":30,"column":38},"end":{"line":64,"column":1}},"line":30},"3":{"name":"(anonymous_3)","decl":{"start":{"line":34,"column":20},"end":{"line":34,"column":21}},"loc":{"start":{"line":34,"column":35},"end":{"line":63,"column":3}},"line":34},"4":{"name":"(anonymous_4)","decl":{"start":{"line":43,"column":22},"end":{"line":43,"column":23}},"loc":{"start":{"line":43,"column":37},"end":{"line":62,"column":5}},"line":43},"5":{"name":"(anonymous_5)","decl":{"start":{"line":52,"column":24},"end":{"line":52,"column":25}},"loc":{"start":{"line":52,"column":39},"end":{"line":61,"column":7}},"line":52}},"branchMap":{"0":{"loc":{"start":{"line":18,"column":4},"end":{"line":21,"column":5}},"type":"if","locations":[{"start":{"line":18,"column":4},"end":{"line":21,"column":5}},{"start":{"line":18,"column":4},"end":{"line":21,"column":5}}],"line":18},"1":{"loc":{"start":{"line":35,"column":4},"end":{"line":41,"column":5}},"type":"if","locations":[{"start":{"line":35,"column":4},"end":{"line":41,"column":5}},{"start":{"line":35,"column":4},"end":{"line":41,"column":5}}],"line":35},"2":{"loc":{"start":{"line":44,"column":6},"end":{"line":50,"column":7}},"type":"if","locations":[{"start":{"line":44,"column":6},"end":{"line":50,"column":7}},{"start":{"line":44,"column":6},"end":{"line":50,"column":7}}],"line":44},"3":{"loc":{"start":{"line":53,"column":8},"end":{"line":59,"column":9}},"type":"if","locations":[{"start":{"line":53,"column":8},"end":{"line":59,"column":9}},{"start":{"line":53,"column":8},"end":{"line":59,"column":9}}],"line":53}},"s":{"0":1,"1":1,"2":1,"3":3,"4":3,"5":0,"6":3,"7":1,"8":1,"9":1,"10":1,"11":0,"12":1,"13":1,"14":1,"15":1,"16":0,"17":1,"18":1,"19":1,"20":1,"21":0,"22":1,"23":1,"24":1},"f":{"0":3,"1":3,"2":1,"3":1,"4":1,"5":1},"b":{"0":[0,3],"1":[0,1],"2":[0,1],"3":[0,1]},"_coverageSchema":"332fd63041d2c1bcb487cc26dd0d5f7d97098a6c","hash":"06211ff9c608ca83ef2671d6308b643cc7f42522"}
}
