TN:
SF:/Users/kevin/codefellows/401/labs/lab-03/lib/reader-callback-extended.js
FN:16,(anonymous_0)
FN:17,(anonymous_1)
FN:32,(anonymous_2)
FN:35,(anonymous_3)
FN:35,(anonymous_4)
FNF:5
FNH:5
FNDA:5,(anonymous_0)
FNDA:5,(anonymous_1)
FNDA:1,(anonymous_2)
FNDA:5,(anonymous_3)
FNDA:5,(anonymous_4)
DA:7,1
DA:9,1
DA:16,1
DA:17,5
DA:18,5
DA:20,5
DA:32,1
DA:33,1
DA:35,5
DA:36,5
DA:38,5
DA:39,5
DA:44,1
LF:13
LH:13
BRDA:18,0,0,0
BRDA:18,0,1,5
BRDA:36,1,0,0
BRDA:36,1,1,5
BRF:4
BRH:2
end_of_record
TN:
SF:/Users/kevin/codefellows/401/labs/lab-03/lib/reader.js
FN:16,(anonymous_0)
FN:17,(anonymous_1)
FN:30,(anonymous_2)
FN:34,(anonymous_3)
FN:43,(anonymous_4)
FN:52,(anonymous_5)
FNF:6
FNH:6
FNDA:3,(anonymous_0)
FNDA:3,(anonymous_1)
FNDA:1,(anonymous_2)
FNDA:1,(anonymous_3)
FNDA:1,(anonymous_4)
FNDA:1,(anonymous_5)
DA:7,1
DA:9,1
DA:16,1
DA:17,3
DA:18,3
DA:20,3
DA:30,1
DA:31,1
DA:34,1
DA:35,1
DA:36,0
DA:39,1
DA:40,1
DA:43,1
DA:44,1
DA:45,0
DA:48,1
DA:49,1
DA:52,1
DA:53,1
DA:54,0
DA:57,1
DA:58,1
DA:60,1
LF:24
LH:21
BRDA:18,0,0,0
BRDA:18,0,1,3
BRDA:35,1,0,0
BRDA:35,1,1,1
BRDA:44,2,0,0
BRDA:44,2,1,1
BRDA:53,3,0,0
BRDA:53,3,1,1
BRF:8
BRH:4
end_of_record
